<?xml version="1.0" encoding="UTF-8"?>
<robot generator="Robot 7.3.2 (Python 3.12.6 on win32)" generated="2025-11-12T18:51:54.549117" rpa="false" schemaversion="5">
<suite id="s1" name="Tests" source="C:\koulu\palautusrepositorio\viikko3\hello-robot\src\tests">
<suite id="s1-s1" name="Increase Counter" source="C:\koulu\palautusrepositorio\viikko3\hello-robot\src\tests\increase_counter.robot">
<test id="s1-s1-t1" name="Increase Counter Once" line="5">
<kw name="Counter Value Should Be" owner="CounterLibrary">
<arg>0</arg>
<status status="PASS" start="2025-11-12T18:51:54.594117" elapsed="0.000000"/>
</kw>
<kw name="Increase Counter" owner="CounterLibrary">
<status status="PASS" start="2025-11-12T18:51:54.594117" elapsed="0.000000"/>
</kw>
<kw name="Counter Value Should Be" owner="CounterLibrary">
<arg>1</arg>
<status status="PASS" start="2025-11-12T18:51:54.595117" elapsed="0.000000"/>
</kw>
<status status="PASS" start="2025-11-12T18:51:54.593118" elapsed="0.001999"/>
</test>
<test id="s1-s1-t2" name="Increase Counter Many Times" line="10">
<kw name="Counter Value Should Be" owner="CounterLibrary">
<arg>0</arg>
<status status="PASS" start="2025-11-12T18:51:54.596117" elapsed="0.000000"/>
</kw>
<kw name="Increase Counter" owner="CounterLibrary">
<status status="PASS" start="2025-11-12T18:51:54.596117" elapsed="0.000000"/>
</kw>
<kw name="Increase Counter" owner="CounterLibrary">
<status status="PASS" start="2025-11-12T18:51:54.596117" elapsed="0.000000"/>
</kw>
<kw name="Increase Counter" owner="CounterLibrary">
<status status="PASS" start="2025-11-12T18:51:54.596117" elapsed="0.000000"/>
</kw>
<kw name="Counter Value Should Be" owner="CounterLibrary">
<arg>3</arg>
<status status="PASS" start="2025-11-12T18:51:54.597117" elapsed="0.000000"/>
</kw>
<status status="PASS" start="2025-11-12T18:51:54.595117" elapsed="0.002000"/>
</test>
<test id="s1-s1-t3" name="Increment Counter By Amount" line="17">
<kw name="Counter Value Should Be" owner="CounterLibrary">
<arg>0</arg>
<status status="PASS" start="2025-11-12T18:51:54.598117" elapsed="0.000000"/>
</kw>
<kw name="Increment Counter By" owner="CounterLibrary">
<arg>5</arg>
<status status="PASS" start="2025-11-12T18:51:54.598117" elapsed="0.000000"/>
</kw>
<kw name="Counter Value Should Be" owner="CounterLibrary">
<arg>5</arg>
<status status="PASS" start="2025-11-12T18:51:54.598117" elapsed="0.000000"/>
</kw>
<status status="PASS" start="2025-11-12T18:51:54.597117" elapsed="0.001000"/>
</test>
<status status="PASS" start="2025-11-12T18:51:54.580118" elapsed="0.018998"/>
</suite>
<suite id="s1-s2" name="Reset Counter" source="C:\koulu\palautusrepositorio\viikko3\hello-robot\src\tests\reset_counter.robot">
<test id="s1-s2-t1" name="Reset Counter After One Increment" line="5">
<kw name="Counter Value Should Be" owner="CounterLibrary">
<arg>0</arg>
<status status="PASS" start="2025-11-12T18:51:54.602118" elapsed="0.000999"/>
</kw>
<kw name="Increase Counter" owner="CounterLibrary">
<status status="PASS" start="2025-11-12T18:51:54.603117" elapsed="0.000000"/>
</kw>
<kw name="Counter Value Should Be" owner="CounterLibrary">
<arg>1</arg>
<status status="PASS" start="2025-11-12T18:51:54.603117" elapsed="0.000000"/>
</kw>
<kw name="Reset Counter" owner="CounterLibrary">
<status status="PASS" start="2025-11-12T18:51:54.603117" elapsed="0.000000"/>
</kw>
<kw name="Counter Value Should Be" owner="CounterLibrary">
<arg>0</arg>
<status status="PASS" start="2025-11-12T18:51:54.603117" elapsed="0.000000"/>
</kw>
<status status="PASS" start="2025-11-12T18:51:54.602118" elapsed="0.001999"/>
</test>
<test id="s1-s2-t2" name="Reset Counter After Several Increments" line="12">
<kw name="Counter Value Should Be" owner="CounterLibrary">
<arg>0</arg>
<status status="PASS" start="2025-11-12T18:51:54.604117" elapsed="0.000000"/>
</kw>
<kw name="Increment Counter By" owner="CounterLibrary">
<arg>5</arg>
<status status="PASS" start="2025-11-12T18:51:54.605117" elapsed="0.000000"/>
</kw>
<kw name="Counter Value Should Be" owner="CounterLibrary">
<arg>5</arg>
<status status="PASS" start="2025-11-12T18:51:54.605117" elapsed="0.000000"/>
</kw>
<kw name="Reset Counter" owner="CounterLibrary">
<status status="PASS" start="2025-11-12T18:51:54.605117" elapsed="0.000000"/>
</kw>
<kw name="Counter Value Should Be" owner="CounterLibrary">
<arg>0</arg>
<status status="PASS" start="2025-11-12T18:51:54.605117" elapsed="0.000000"/>
</kw>
<status status="PASS" start="2025-11-12T18:51:54.604117" elapsed="0.001000"/>
</test>
<status status="PASS" start="2025-11-12T18:51:54.599116" elapsed="0.007001"/>
</suite>
<status status="PASS" start="2025-11-12T18:51:54.551118" elapsed="0.054999"/>
</suite>
<statistics>
<total>
<stat pass="5" fail="0" skip="0">All Tests</stat>
</total>
<tag>
</tag>
<suite>
<stat name="Tests" id="s1" pass="5" fail="0" skip="0">Tests</stat>
<stat name="Increase Counter" id="s1-s1" pass="3" fail="0" skip="0">Tests.Increase Counter</stat>
<stat name="Reset Counter" id="s1-s2" pass="2" fail="0" skip="0">Tests.Reset Counter</stat>
</suite>
</statistics>
<errors>
</errors>
</robot>
